[debug] [2021-04-27T04:27:17.095Z] ----------------------------------------------------------------------
[debug] [2021-04-27T04:27:17.102Z] Command:       C:\Program Files\nodejs\node.exe C:\Users\BHAIRAB DAS\AppData\Roaming\npm\node_modules\firebase-tools\lib\bin\firebase.js init
[debug] [2021-04-27T04:27:17.104Z] CLI Version:   9.10.0
[debug] [2021-04-27T04:27:17.104Z] Platform:      win32
[debug] [2021-04-27T04:27:17.104Z] Node Version:  v14.5.0
[debug] [2021-04-27T04:27:17.109Z] Time:          Tue Apr 27 2021 09:57:17 GMT+0530 (India Standard Time)
[debug] [2021-04-27T04:27:17.109Z] ----------------------------------------------------------------------
[debug] 
[debug] [2021-04-27T04:27:17.136Z] > command requires scopes: ["email","openid","https://www.googleapis.com/auth/cloudplatformprojects.readonly","https://www.googleapis.com/auth/firebase","https://www.googleapis.com/auth/cloud-platform"]
[debug] [2021-04-27T04:27:17.136Z] > authorizing via signed-in user (robowjec@gmail.com)
[info] 
     ######## #### ########  ######## ########     ###     ######  ########
     ##        ##  ##     ## ##       ##     ##  ##   ##  ##       ##
     ######    ##  ########  ######   ########  #########  ######  ######
     ##        ##  ##    ##  ##       ##     ## ##     ##       ## ##
     ##       #### ##     ## ######## ########  ##     ##  ######  ########

You're about to initialize a Firebase project in this directory:

  C:\xampp\htdocs\robo\y

Before we get started, keep in mind:

  * You are currently outside your home directory
  * You are initializing in an existing Firebase project directory

[info] 
=== Project Setup
[info] 
[info] First, let's associate this project directory with a Firebase project.
[info] You can create multiple project aliases by running firebase use --add, 
[info] but for now we'll just set up a default project.
[info] 
[debug] [2021-04-27T04:27:44.482Z] > refreshing access token with scopes: []
[debug] [2021-04-27T04:27:44.483Z] >>> HTTP REQUEST POST https://www.googleapis.com/oauth2/v3/token  
 <request body omitted>
[debug] [2021-04-27T04:27:50.175Z] <<< HTTP RESPONSE 400 {"cache-control":"no-cache, no-store, max-age=0, must-revalidate","pragma":"no-cache","expires":"Mon, 01 Jan 1990 00:00:00 GMT","date":"Tue, 27 Apr 2021 04:27:50 GMT","content-type":"application/json; charset=utf-8","vary":"X-Origin, Referer, Origin,Accept-Encoding","server":"scaffolding on HTTPServer2","x-xss-protection":"0","x-frame-options":"SAMEORIGIN","x-content-type-options":"nosniff","alt-svc":"h3-29=\":443\"; ma=2592000,h3-T051=\":443\"; ma=2592000,h3-Q050=\":443\"; ma=2592000,h3-Q046=\":443\"; ma=2592000,h3-Q043=\":443\"; ma=2592000,quic=\":443\"; ma=2592000; v=\"46,43\"","accept-ranges":"none","transfer-encoding":"chunked"}
[debug] [2021-04-27T04:27:50.210Z] >>> [apiv2][query] GET https://firebase.googleapis.com/v1beta1/projects pageSize=100
[debug] [2021-04-27T04:27:56.219Z] <<< [apiv2][status] GET https://firebase.googleapis.com/v1beta1/projects 401
[debug] [2021-04-27T04:27:56.219Z] <<< [apiv2][body] GET https://firebase.googleapis.com/v1beta1/projects [omitted]
[debug] [2021-04-27T04:27:56.221Z] HTTP Error: 401, Request had invalid authentication credentials. Expected OAuth 2 access token, login cookie or other valid authentication credential. See https://developers.google.com/identity/sign-in/web/devconsole-project.
[debug] [2021-04-27T04:27:56.906Z] FirebaseError: HTTP Error: 401, Request had invalid authentication credentials. Expected OAuth 2 access token, login cookie or other valid authentication credential. See https://developers.google.com/identity/sign-in/web/devconsole-project.
    at module.exports (C:\Users\BHAIRAB DAS\AppData\Roaming\npm\node_modules\firebase-tools\lib\responseToError.js:38:12)
    at Client.doRequest (C:\Users\BHAIRAB DAS\AppData\Roaming\npm\node_modules\firebase-tools\lib\apiv2.js:238:23)
    at processTicksAndRejections (internal/process/task_queues.js:93:5)
    at async Client.request (C:\Users\BHAIRAB DAS\AppData\Roaming\npm\node_modules\firebase-tools\lib\apiv2.js:96:20)
    at async getProjectPage (C:\Users\BHAIRAB DAS\AppData\Roaming\npm\node_modules\firebase-tools\lib\management\projects.js:233:17)
    at async getFirebaseProjectPage (C:\Users\BHAIRAB DAS\AppData\Roaming\npm\node_modules\firebase-tools\lib\management\projects.js:250:23)
    at async selectProjectInteractively (C:\Users\BHAIRAB DAS\AppData\Roaming\npm\node_modules\firebase-tools\lib\management\projects.js:95:41)
    at async Object.doSetup [as project] (C:\Users\BHAIRAB DAS\AppData\Roaming\npm\node_modules\firebase-tools\lib\init\features\project.js:87:27)
    at async init (C:\Users\BHAIRAB DAS\AppData\Roaming\npm\node_modules\firebase-tools\lib\init\index.js:19:9)
[error] 
[error] Error: Failed to list Firebase projects. See firebase-debug.log for more info.
